---- Server Has Started ----
---- Server Has Started ----
---- Server Has Started ----
Server --- Started 
Ignoring exception in command None:
discord.ext.commands.errors.CommandNotFound: Command "/run.sh" is not found
Ignoring exception in command None:
discord.ext.commands.errors.CommandNotFound: Command "lua" is not found
Ignoring exception in command None:
discord.ext.commands.errors.CommandNotFound: Command "/run.sh" is not found
Ignoring exception in command None:
discord.ext.commands.errors.CommandNotFound: Command "/run.sh" is not found
Ignoring exception in command None:
discord.ext.commands.errors.CommandNotFound: Command "/run.sh" is not found
Ignoring exception in command None:
discord.ext.commands.errors.CommandNotFound: Command "/run.sh" is not found
Ignoring exception in command None:
discord.ext.commands.errors.CommandNotFound: Command "/run.sh" is not found
Ignoring exception in command None:
discord.ext.commands.errors.CommandNotFound: Command "demetar" is not found
Ignoring exception in command None:
discord.ext.commands.errors.CommandNotFound: Command "demetar" is not found
Ignoring exception in command None:
discord.ext.commands.errors.CommandNotFound: Command "demetar" is not found
Ignoring exception in command None:
discord.ext.commands.errors.CommandNotFound: Command "demetar" is not found
Ignoring exception in command None:
discord.ext.commands.errors.CommandNotFound: Command "demetar" is not found
Ignoring exception in command None:
discord.ext.commands.errors.CommandNotFound: Command "demetar" is not found
Ignoring exception in command None:
discord.ext.commands.errors.CommandNotFound: Command "demetar" is not found
Ignoring exception in command None:
discord.ext.commands.errors.CommandNotFound: Command "metar" is not found
Ignoring exception in command None:
discord.ext.commands.errors.CommandNotFound: Command "setupticket" is not found
Ignoring exception in command None:
discord.ext.commands.errors.CommandNotFound: Command "setupticket" is not found
Ignoring exception in command None:
discord.ext.commands.errors.CommandNotFound: Command "setupticket" is not found
Ignoring exception in command None:
discord.ext.commands.errors.CommandNotFound: Command "giveaway" is not found
Ignoring exception in command None:
discord.ext.commands.errors.CommandNotFound: Command "giveaway" is not found
Ignoring exception in command None:
discord.ext.commands.errors.CommandNotFound: Command "giveaway" is not found
Ignoring exception in command None:
discord.ext.commands.errors.CommandNotFound: Command "welcome" is not found
Ignoring exception in command None:
discord.ext.commands.errors.CommandNotFound: Command "welcomemessage" is not found
Ignoring exception in command None:
discord.ext.commands.errors.CommandNotFound: Command "setcooldown" is not found
Ignoring exception in command None:
discord.ext.commands.errors.CommandNotFound: Command "setcooldown" is not found
Ignoring exception in command None:
discord.ext.commands.errors.CommandNotFound: Command "setcooldown" is not found
Ignoring exception in command None:
discord.ext.commands.errors.CommandNotFound: Command "setcooldown" is not found
Ignoring exception in command None:
discord.ext.commands.errors.CommandNotFound: Command "setcooldown" is not found
Ignoring exception in command None:
discord.ext.commands.errors.CommandNotFound: Command "setcooldown" is not found
Ignoring exception in command None:
discord.ext.commands.errors.CommandNotFound: Command "setcooldown" is not found
Ignoring exception in command None:
discord.ext.commands.errors.CommandNotFound: Command "setcooldown" is not found
Ignoring exception in command None:
discord.ext.commands.errors.CommandNotFound: Command "setcooldown" is not found
Ignoring exception in command None:
discord.ext.commands.errors.CommandNotFound: Command "setcooldown" is not found
Ignoring exception in command None:
discord.ext.commands.errors.CommandNotFound: Command "setcooldown" is not found
Ignoring exception in command None:
discord.ext.commands.errors.CommandNotFound: Command "setcooldown" is not found
Ignoring exception in command None:
discord.ext.commands.errors.CommandNotFound: Command "setcooldown" is not found
Ignoring exception in command None:
discord.ext.commands.errors.CommandNotFound: Command "setcooldown" is not found
Ignoring exception in command None:
discord.ext.commands.errors.CommandNotFound: Command "setcooldown" is not found
Ignoring exception in command None:
discord.ext.commands.errors.CommandNotFound: Command "setcooldown" is not found
Ignoring exception in command None:
discord.ext.commands.errors.CommandNotFound: Command "setcooldown" is not found
Ignoring exception in command None:
discord.ext.commands.errors.CommandNotFound: Command "setcooldown" is not found
Ignoring exception in command None:
discord.ext.commands.errors.CommandNotFound: Command "setcooldown" is not found
Ignoring exception in command None:
discord.ext.commands.errors.CommandNotFound: Command "setcooldown" is not found
Ignoring exception in command None:
discord.ext.commands.errors.CommandNotFound: Command "setcooldown" is not found
Ignoring exception in command None:
discord.ext.commands.errors.CommandNotFound: Command "setcooldown" is not found
Ignoring exception in command None:
discord.ext.commands.errors.CommandNotFound: Command "setcooldown" is not found
Ignoring exception in command None:
discord.ext.commands.errors.CommandNotFound: Command "setcooldown" is not found
Ignoring exception in command None:
discord.ext.commands.errors.CommandNotFound: Command "setcooldown" is not found
Ignoring exception in command None:
discord.ext.commands.errors.CommandNotFound: Command "setcooldown" is not found
Ignoring exception in command None:
discord.ext.commands.errors.CommandNotFound: Command "setcooldown" is not found
Ignoring exception in command None:
discord.ext.commands.errors.CommandNotFound: Command "setcooldown" is not found
Ignoring exception in command None:
discord.ext.commands.errors.CommandNotFound: Command "setcooldown" is not found
Ignoring exception in command None:
discord.ext.commands.errors.CommandNotFound: Command "setcooldown" is not found
Ignoring exception in command None:
discord.ext.commands.errors.CommandNotFound: Command "setcooldown" is not found
Ignoring exception in command None:
discord.ext.commands.errors.CommandNotFound: Command "setcooldown" is not found
Ignoring exception in command None:
discord.ext.commands.errors.CommandNotFound: Command "setcooldown" is not found
Ignoring exception in command None:
discord.ext.commands.errors.CommandNotFound: Command "setcooldown" is not found
Ignoring exception in command None:
discord.ext.commands.errors.CommandNotFound: Command "setcooldown" is not found
Ignoring exception in command None:
discord.ext.commands.errors.CommandNotFound: Command "setcooldown" is not found
Ignoring exception in command None:
discord.ext.commands.errors.CommandNotFound: Command "setcooldown" is not found
Ignoring exception in command None:
discord.ext.commands.errors.CommandNotFound: Command "setcooldown" is not found
Ignoring exception in command None:
discord.ext.commands.errors.CommandNotFound: Command "setcooldown" is not found
Ignoring exception in command None:
discord.ext.commands.errors.CommandNotFound: Command "setcooldown" is not found
Ignoring exception in command None:
discord.ext.commands.errors.CommandNotFound: Command "setcooldown" is not found
Ignoring exception in command None:
discord.ext.commands.errors.CommandNotFound: Command "setcooldown" is not found
Ignoring exception in command None:
discord.ext.commands.errors.CommandNotFound: Command "setcooldown" is not found
Ignoring exception in command None:
discord.ext.commands.errors.CommandNotFound: Command "setcooldown" is not found
Ignoring exception in command None:
discord.ext.commands.errors.CommandNotFound: Command "setcooldown" is not found
Ignoring exception in command None:
discord.ext.commands.errors.CommandNotFound: Command "setcooldown" is not found
Ignoring exception in command None:
discord.ext.commands.errors.CommandNotFound: Command "setcooldown" is not found
Ignoring exception in command None:
discord.ext.commands.errors.CommandNotFound: Command "setcooldown" is not found
Ignoring exception in command None: