{}ready!
970636846277230612
local variable 'rl' referenced before assignment
970637414253076511
local variable 'rl' referenced before assignment
970617839436329002
local variable 'rl' referenced before assignment
970617839436329002
Ignoring exception in command None:
discord.ext.commands.errors.CommandNotFound: Command "export" is not found
Ignoring exception in command None:
discord.ext.commands.errors.CommandNotFound: Command "export" is not found
Ignoring exception in command None:
discord.ext.commands.errors.CommandNotFound: Command "export" is not found
Ignoring exception in command None:
discord.ext.commands.errors.CommandNotFound: Command "expoirt" is not found
Ignoring exception in command None:
discord.ext.commands.errors.CommandNotFound: Command "export" is not found
Ignoring exception in command None:
discord.ext.commands.errors.CommandNotFound: Command "export" is not found
Ignoring exception in command None:
discord.ext.commands.errors.CommandNotFound: Command "stats" is not found
Ignoring exception in command None:
discord.ext.commands.errors.CommandNotFound: Command "stats" is not found
Ignoring exception in command None:
discord.ext.commands.errors.CommandNotFound: Command "stats" is not found
Ignoring exception in command None:
discord.ext.commands.errors.CommandNotFound: Command "stats" is not found
Ignoring exception in command None:
discord.ext.commands.errors.CommandNotFound: Command "export" is not found
ready!
ready!
970617839436329002
None
'NoneType' object has no attribute 'id'
970617839436329002
None
'NoneType' object has no attribute 'id'
970617839436329002
Basic
970617839436329002
Basic
970617839436329002
Basic
970617839436329002
Basic
970617839436329002
Basic
970617839436329002
Basic
970617839436329002
Basic
970617839436329002
Basic
970617839436329002
Basic
970617839436329002
Basic
970617839436329002
Basic
970617839436329002
Basic
970617839436329002
Basic
970617839436329002
Basic
970617839436329002
Basic
970617839436329002
Basic
970617839436329002
Basic
970617839436329002
Intermediate
970617839436329002
Intermediate
971218785656770560
None
'NoneType' object has no attribute 'id'
971221152322174996
None
'NoneType' object has no attribute 'id'
970974105421619210
None
'NoneType' object has no attribute 'id'
970628507585617951
None
'NoneType' object has no attribute 'id'
970630352920010762
None
'NoneType' object has no attribute 'id'
970631211414323200
None
'NoneType' object has no attribute 'id'
970645616613023774
None
'NoneType' object has no attribute 'id'
970620698106150942
None
'NoneType' object has no attribute 'id'
970621243575386132
None
'NoneType' object has no attribute 'id'
970621982884376588
Basic
970623178898554910
Basic
970624503027732511
Basic
970625677390913606
Basic
971065995345158214
None
'NoneType' object has no attribute 'id'
971083808944308314
None
'NoneType' object has no attribute 'id'
971083818540879962
None
'NoneType' object has no attribute 'id'
971083826543616030
None
'NoneType' object has no attribute 'id'
971069997717807175
None
'NoneType' object has no attribute 'id'
971072688493821952
None
'NoneType' object has no attribute 'id'
970617839436329002
Intermediate
971073128841244692
Basic
971073927247953920
Basic
971073927247953920
Basic
971074806340522066
Basic
971076350146383902
Basic
834353213427286046
None
'NoneType' object has no attribute 'id'
834353213427286046
None
'NoneType' object has no attribute 'id'
834353213427286046
None
'NoneType' object has no attribute 'id'
